c:\users\jefferson\desktop\cse\finalproject\visualc15\obj\glutapp_debug\vc141.pdb
c:\users\jefferson\desktop\cse\finalproject\visualc15\obj\glutapp_debug\vc141.idb
c:\users\jefferson\desktop\cse\finalproject\visualc15\obj\glutapp_debug\app_main.obj
c:\users\jefferson\desktop\cse\finalproject\visualc15\obj\glutapp_debug\shape.obj
c:\users\jefferson\desktop\cse\finalproject\visualc15\obj\glutapp_debug\rect.obj
c:\users\jefferson\desktop\cse\finalproject\visualc15\obj\glutapp_debug\glutapp.obj
c:\users\jefferson\desktop\cse\finalproject\visualc15\obj\glutapp_debug\app.obj
c:\users\jefferson\desktop\cse\finalproject\visualc15\obj\glutapp_debug\circle.obj
c:\users\jefferson\desktop\cse\finalproject\visualc15\obj\glutapp_debug\glutapp.ilk
c:\users\jefferson\desktop\cse\finalproject\visualc15\obj\glutapp_debug\glutapp.exe
c:\users\jefferson\desktop\cse\finalproject\visualc15\obj\glutapp_debug\glutapp.pdb
c:\users\jefferson\desktop\cse\finalproject\visualc15\obj\glutapp_debug\glutapp.res
c:\users\jefferson\desktop\cse\finalproject\visualc15\obj\glutapp_debug\glutapp.tlog\cl.command.1.tlog
c:\users\jefferson\desktop\cse\finalproject\visualc15\obj\glutapp_debug\glutapp.tlog\cl.read.1.tlog
c:\users\jefferson\desktop\cse\finalproject\visualc15\obj\glutapp_debug\glutapp.tlog\cl.write.1.tlog
c:\users\jefferson\desktop\cse\finalproject\visualc15\obj\glutapp_debug\glutapp.tlog\link.command.1.tlog
c:\users\jefferson\desktop\cse\finalproject\visualc15\obj\glutapp_debug\glutapp.tlog\link.read.1.tlog
c:\users\jefferson\desktop\cse\finalproject\visualc15\obj\glutapp_debug\glutapp.tlog\link.write.1.tlog
c:\users\jefferson\desktop\cse\finalproject\visualc15\obj\glutapp_debug\glutapp.tlog\rc.command.1.tlog
c:\users\jefferson\desktop\cse\finalproject\visualc15\obj\glutapp_debug\glutapp.tlog\rc.read.1.tlog
c:\users\jefferson\desktop\cse\finalproject\visualc15\obj\glutapp_debug\glutapp.tlog\rc.write.1.tlog
